16:21:44.994 217  [main] DEBUG org.ow2.chameleon - interactive mode enabled
16:21:45.022 245  [main] DEBUG o.o.c.c.activators.DirectoryMonitor - Creating file alteration monitor for /home/aygalinc/IntelliJWorkspace/Stagiaire/iCasa/iCasaWorkspace/energy-sensor-project/energy-sensor-distribution/target/energy.sensor.distribution/applications with a polling period of 2000
16:21:45.299 522  [main] DEBUG o.o.c.core.activators.CoreActivator - Installing bundle from /home/aygalinc/IntelliJWorkspace/Stagiaire/iCasa/iCasaWorkspace/energy-sensor-project/energy-sensor-distribution/target/energy.sensor.distribution/core/org.apache.felix.ipojo.handler.whiteboard-1.6.0.jar
16:21:45.311 534  [main] DEBUG o.o.c.core.activators.CoreActivator - Installing bundle from /home/aygalinc/IntelliJWorkspace/Stagiaire/iCasa/iCasaWorkspace/energy-sensor-project/energy-sensor-distribution/target/energy.sensor.distribution/core/ow2-util-log-1.0.36.jar
16:21:45.317 540  [main] DEBUG o.o.c.core.activators.CoreActivator - Installing bundle from /home/aygalinc/IntelliJWorkspace/Stagiaire/iCasa/iCasaWorkspace/energy-sensor-project/energy-sensor-distribution/target/energy.sensor.distribution/core/shelbie-builtin-commands-2.0.0-RC1.jar
16:21:45.322 545  [main] DEBUG o.o.c.core.activators.CoreActivator - Installing bundle from /home/aygalinc/IntelliJWorkspace/Stagiaire/iCasa/iCasaWorkspace/energy-sensor-project/energy-sensor-distribution/target/energy.sensor.distribution/core/org.apache.felix.gogo.runtime-0.16.2.jar
16:21:45.325 548  [main] DEBUG o.o.c.core.activators.CoreActivator - Installing bundle from /home/aygalinc/IntelliJWorkspace/Stagiaire/iCasa/iCasaWorkspace/energy-sensor-project/energy-sensor-distribution/target/energy.sensor.distribution/core/autoconf-resource-processor-1.0.4.jar
16:21:45.332 555  [main] DEBUG o.o.c.core.activators.CoreActivator - Installing bundle from /home/aygalinc/IntelliJWorkspace/Stagiaire/iCasa/iCasaWorkspace/energy-sensor-project/energy-sensor-distribution/target/energy.sensor.distribution/core/org.apache.felix.gogo.command-0.14.0.jar
16:21:45.340 563  [main] DEBUG o.o.c.core.activators.CoreActivator - Installing bundle from /home/aygalinc/IntelliJWorkspace/Stagiaire/iCasa/iCasaWorkspace/energy-sensor-project/energy-sensor-distribution/target/energy.sensor.distribution/core/org.apache.felix.configadmin-1.8.4.jar
16:21:45.344 567  [main] DEBUG o.o.c.core.activators.CoreActivator - Installing bundle from /home/aygalinc/IntelliJWorkspace/Stagiaire/iCasa/iCasaWorkspace/energy-sensor-project/energy-sensor-distribution/target/energy.sensor.distribution/core/org.apache.felix.ipojo.gogo-1.12.1.jar
16:21:45.348 571  [main] DEBUG o.o.c.core.activators.CoreActivator - Installing bundle from /home/aygalinc/IntelliJWorkspace/Stagiaire/iCasa/iCasaWorkspace/energy-sensor-project/energy-sensor-distribution/target/energy.sensor.distribution/core/shelbie-ipojo-commands-2.1.jar
16:21:45.356 579  [main] DEBUG o.o.c.core.activators.CoreActivator - Installing bundle from /home/aygalinc/IntelliJWorkspace/Stagiaire/iCasa/iCasaWorkspace/energy-sensor-project/energy-sensor-distribution/target/energy.sensor.distribution/core/shelbie-startup-console-2.0.0-RC1.jar
16:21:45.368 591  [main] DEBUG o.o.c.core.activators.CoreActivator - Installing bundle from /home/aygalinc/IntelliJWorkspace/Stagiaire/iCasa/iCasaWorkspace/energy-sensor-project/energy-sensor-distribution/target/energy.sensor.distribution/core/deployment-admin-impl-1.0.4.jar
16:21:45.373 596  [main] DEBUG o.o.c.core.activators.CoreActivator - Installing bundle from /home/aygalinc/IntelliJWorkspace/Stagiaire/iCasa/iCasaWorkspace/energy-sensor-project/energy-sensor-distribution/target/energy.sensor.distribution/core/org.apache.felix.ipojo-1.12.1.jar
16:21:45.380 603  [main] DEBUG o.o.c.core.activators.CoreActivator - Installing bundle from /home/aygalinc/IntelliJWorkspace/Stagiaire/iCasa/iCasaWorkspace/energy-sensor-project/energy-sensor-distribution/target/energy.sensor.distribution/core/shelbie-api-2.0.0-RC1.jar
16:21:45.386 609  [main] DEBUG o.o.c.core.activators.CoreActivator - Installing bundle from /home/aygalinc/IntelliJWorkspace/Stagiaire/iCasa/iCasaWorkspace/energy-sensor-project/energy-sensor-distribution/target/energy.sensor.distribution/core/shelbie-core-2.0.0-RC1.jar
16:21:45.396 619  [main] DEBUG o.o.c.core.activators.CoreActivator - Installing bundle from /home/aygalinc/IntelliJWorkspace/Stagiaire/iCasa/iCasaWorkspace/energy-sensor-project/energy-sensor-distribution/target/energy.sensor.distribution/core/autoload.res.processor-1.2.7-SNAPSHOT.jar
16:21:45.401 624  [main] DEBUG o.o.c.core.activators.CoreActivator - Installing bundle from /home/aygalinc/IntelliJWorkspace/Stagiaire/iCasa/iCasaWorkspace/energy-sensor-project/energy-sensor-distribution/target/energy.sensor.distribution/core/ow2-util-i18n-1.0.36.jar
16:21:45.403 626  [main] DEBUG o.o.c.core.activators.CoreActivator - Starting bundle org.apache.felix.ipojo.handler.whiteboard
16:21:45.414 637  [main] DEBUG o.o.c.core.activators.CoreActivator - Starting bundle org.ow2.bundles.ow2-util-log
16:21:45.436 659  [main] DEBUG o.o.c.core.activators.CoreActivator - Starting bundle org.ow2.shelbie.commands.shelbie-builtin-commands
16:21:45.446 669  [main] DEBUG o.o.c.core.activators.CoreActivator - Starting bundle org.apache.felix.gogo.runtime
16:21:45.461 684  [main] DEBUG o.o.c.core.activators.CoreActivator - Starting bundle de.akquinet.gomobile.deployment.rp.autoconf
16:21:45.465 688  [main] DEBUG o.o.c.core.activators.CoreActivator - Starting bundle org.apache.felix.gogo.command
16:21:45.481 704  [main] DEBUG o.o.c.core.activators.CoreActivator - Starting bundle org.apache.felix.configadmin
16:21:45.502 725  [main] DEBUG o.o.c.core.activators.CoreActivator - Starting bundle org.apache.felix.ipojo.gogo
16:21:45.504 727  [main] DEBUG o.o.c.core.activators.CoreActivator - Starting bundle org.ow2.shelbie.commands.shelbie-ipojo-commands
16:21:45.505 728  [main] DEBUG o.o.c.core.activators.CoreActivator - Starting bundle org.ow2.shelbie.startup-console
16:21:45.507 730  [main] DEBUG o.o.c.core.activators.CoreActivator - Starting bundle de.akquinet.gomobile.deploymentadmin
16:21:45.507 730  [main] DEBUG o.o.c.core.activators.CoreActivator - Starting bundle org.apache.felix.ipojo
16:21:45.543 766  [main] DEBUG o.o.c.core.activators.CoreActivator - Starting bundle org.ow2.shelbie.api
16:21:45.544 767  [main] DEBUG o.o.c.core.activators.CoreActivator - Starting bundle org.ow2.shelbie.core
16:21:45.545 768  [main] DEBUG o.o.c.core.activators.CoreActivator - Starting bundle autoload.res.processor
16:21:45.548 771  [main] DEBUG o.o.c.core.activators.CoreActivator - Starting bundle org.ow2.bundles.ow2-util-i18n
16:21:45.549 772  [main] INFO  o.o.c.c.activators.DirectoryMonitor - Starting watcher service configured for [/home/aygalinc/IntelliJWorkspace/Stagiaire/iCasa/iCasaWorkspace/energy-sensor-project/energy-sensor-distribution/target/energy.sensor.distribution/runtime, /home/aygalinc/IntelliJWorkspace/Stagiaire/iCasa/iCasaWorkspace/energy-sensor-project/energy-sensor-distribution/target/energy.sensor.distribution/applications]
16:21:45.549 772  [main] DEBUG o.o.c.c.activators.DirectoryMonitor - No file monitoring for runtime
16:21:45.550 773  [main] INFO  o.o.c.c.activators.DirectoryMonitor - Starting file monitoring for applications
16:21:45.609 832  [main] INFO  o.o.c.c.activators.DirectoryMonitor - Opening deployer org.ow2.chameleon.core.activators.BundleDeployer@1623b78d for directory /home/aygalinc/IntelliJWorkspace/Stagiaire/iCasa/iCasaWorkspace/energy-sensor-project/energy-sensor-distribution/target/energy.sensor.distribution/runtime.
16:21:46.401 1624 [main] INFO  o.o.c.c.activators.DirectoryMonitor - Opening deployer org.ow2.chameleon.core.activators.BundleDeployer@1623b78d for directory /home/aygalinc/IntelliJWorkspace/Stagiaire/iCasa/iCasaWorkspace/energy-sensor-project/energy-sensor-distribution/target/energy.sensor.distribution/applications.
16:21:46.537 1760 [main] INFO  o.o.c.c.activators.DirectoryMonitor - Opening deployer org.ow2.chameleon.core.activators.ConfigDeployer@4c6daf0 for directory /home/aygalinc/IntelliJWorkspace/Stagiaire/iCasa/iCasaWorkspace/energy-sensor-project/energy-sensor-distribution/target/energy.sensor.distribution/runtime.
16:21:46.538 1761 [main] INFO  o.o.c.c.activators.DirectoryMonitor - Opening deployer org.ow2.chameleon.core.activators.ConfigDeployer@4c6daf0 for directory /home/aygalinc/IntelliJWorkspace/Stagiaire/iCasa/iCasaWorkspace/energy-sensor-project/energy-sensor-distribution/target/energy.sensor.distribution/applications.
16:21:47.546 2769 [[iPOJO] pool-1-thread-1] WARN  o.o.u.log.impl.osgi.LoggerService - [WARNING] IPOJO-Main-Extender : 1 instances found in class org.wisdom.resources.AssetControllerConfiguration
16:21:49.501 4724 [[iPOJO] pool-1-thread-1] INFO  o.w.c.jackson.JacksonSingleton - Starting JSON and XML support services
16:21:50.486 5709 [[iPOJO] pool-1-thread-1] INFO  o.w.c.ApplicationConfigurationImpl - Enabling the watching of the configuration file
16:21:50.487 5710 [[iPOJO] pool-1-thread-1] DEBUG o.o.c.c.activators.DirectoryMonitor - Creating file alteration monitor for /home/aygalinc/IntelliJWorkspace/Stagiaire/iCasa/iCasaWorkspace/energy-sensor-project/energy-sensor-distribution/target/energy.sensor.distribution/conf with a polling period of 2000
16:21:50.489 5712 [[iPOJO] pool-1-thread-1] INFO  o.o.c.c.activators.DirectoryMonitor - Opening deployer org.ow2.chameleon.core.activators.BundleDeployer@1623b78d for directory /home/aygalinc/IntelliJWorkspace/Stagiaire/iCasa/iCasaWorkspace/energy-sensor-project/energy-sensor-distribution/target/energy.sensor.distribution/conf.
16:21:50.489 5712 [[iPOJO] pool-1-thread-1] INFO  o.o.c.c.activators.DirectoryMonitor - Opening deployer org.ow2.chameleon.core.activators.ConfigDeployer@4c6daf0 for directory /home/aygalinc/IntelliJWorkspace/Stagiaire/iCasa/iCasaWorkspace/energy-sensor-project/energy-sensor-distribution/target/energy.sensor.distribution/conf.
16:21:50.516 5739 [[iPOJO] pool-1-thread-1] INFO  o.o.c.c.activators.DirectoryMonitor - Opening deployer org.wisdom.configuration.ApplicationConfigurationImpl$ConfigurationDeployer@42dfba17 for directory /home/aygalinc/IntelliJWorkspace/Stagiaire/iCasa/iCasaWorkspace/energy-sensor-project/energy-sensor-distribution/target/energy.sensor.distribution/runtime.
16:21:50.518 5741 [[iPOJO] pool-1-thread-1] INFO  o.o.c.c.activators.DirectoryMonitor - Opening deployer org.wisdom.configuration.ApplicationConfigurationImpl$ConfigurationDeployer@42dfba17 for directory /home/aygalinc/IntelliJWorkspace/Stagiaire/iCasa/iCasaWorkspace/energy-sensor-project/energy-sensor-distribution/target/energy.sensor.distribution/applications.
16:21:50.520 5743 [[iPOJO] pool-1-thread-1] INFO  o.o.c.c.activators.DirectoryMonitor - Opening deployer org.wisdom.configuration.ApplicationConfigurationImpl$ConfigurationDeployer@42dfba17 for directory /home/aygalinc/IntelliJWorkspace/Stagiaire/iCasa/iCasaWorkspace/energy-sensor-project/energy-sensor-distribution/target/energy.sensor.distribution/conf.
16:21:50.523 5746 [[iPOJO] pool-1-thread-1] INFO  o.w.c.ApplicationConfigurationImpl - Configuration file : /home/aygalinc/IntelliJWorkspace/Stagiaire/iCasa/iCasaWorkspace/energy-sensor-project/energy-sensor-distribution/target/energy.sensor.distribution/conf/application.conf
16:21:50.524 5747 [[iPOJO] pool-1-thread-1] INFO  o.w.c.ApplicationConfigurationImpl - Base directory : /home/aygalinc/IntelliJWorkspace/Stagiaire/iCasa/iCasaWorkspace/energy-sensor-project/energy-sensor-distribution/target/energy.sensor.distribution
16:21:50.524 5747 [[iPOJO] pool-1-thread-1] INFO  o.w.c.ApplicationConfigurationImpl - Wisdom running in DEV
16:21:50.537 5760 [[iPOJO] pool-1-thread-1] INFO  org.wisdom.mailer.Smtp - Reconfiguring the Wisdom Mailer
16:21:50.542 5765 [[iPOJO] pool-1-thread-1] INFO  org.wisdom.mailer.Smtp - Configuring Wisdom Mailer with:
16:21:50.543 5766 [[iPOJO] pool-1-thread-1] INFO  org.wisdom.mailer.Smtp - 	mail.smtps.quitwait: false
16:21:50.543 5766 [[iPOJO] pool-1-thread-1] INFO  org.wisdom.mailer.Smtp - 	mail.smtp.port: 465
16:21:50.543 5766 [[iPOJO] pool-1-thread-1] INFO  org.wisdom.mailer.Smtp - 	mail.smtp.socketFactory.port: 465
16:21:50.543 5766 [[iPOJO] pool-1-thread-1] INFO  org.wisdom.mailer.Smtp - 	mail.smtp.socketFactory.class: javax.net.ssl.SSLSocketFactory
16:21:50.543 5766 [[iPOJO] pool-1-thread-1] INFO  org.wisdom.mailer.Smtp - 	mail.smtp.host: smtp.gmail.com
16:21:50.543 5766 [[iPOJO] pool-1-thread-1] INFO  org.wisdom.mailer.Smtp - 	mail.smtp.auth: true
16:21:50.543 5766 [[iPOJO] pool-1-thread-1] INFO  org.wisdom.mailer.Smtp - 	username: icasa.orange@gmail.com
16:21:50.543 5766 [[iPOJO] pool-1-thread-1] INFO  org.wisdom.mailer.Smtp - 	password set but not displayed
16:21:50.544 5767 [[iPOJO] pool-1-thread-1] INFO  org.wisdom.mailer.Smtp - 	from: icasa.orange@gmail.com
16:21:50.545 5768 [[iPOJO] pool-1-thread-1] INFO  org.wisdom.mailer.Smtp - Configuring Wisdom Mailer with:
16:21:50.545 5768 [[iPOJO] pool-1-thread-1] INFO  org.wisdom.mailer.Smtp - 	mail.smtps.quitwait: false
16:21:50.545 5768 [[iPOJO] pool-1-thread-1] INFO  org.wisdom.mailer.Smtp - 	mail.smtp.port: 465
16:21:50.545 5768 [[iPOJO] pool-1-thread-1] INFO  org.wisdom.mailer.Smtp - 	mail.smtp.socketFactory.port: 465
16:21:50.545 5768 [[iPOJO] pool-1-thread-1] INFO  org.wisdom.mailer.Smtp - 	mail.smtp.socketFactory.class: javax.net.ssl.SSLSocketFactory
16:21:50.545 5768 [[iPOJO] pool-1-thread-1] INFO  org.wisdom.mailer.Smtp - 	mail.smtp.host: smtp.gmail.com
16:21:50.545 5768 [[iPOJO] pool-1-thread-1] INFO  org.wisdom.mailer.Smtp - 	mail.smtp.auth: true
16:21:50.545 5768 [[iPOJO] pool-1-thread-1] INFO  org.wisdom.mailer.Smtp - 	username: icasa.orange@gmail.com
16:21:50.545 5768 [[iPOJO] pool-1-thread-1] INFO  org.wisdom.mailer.Smtp - 	password set but not displayed
16:21:50.546 5769 [[iPOJO] pool-1-thread-1] INFO  org.wisdom.mailer.Smtp - 	from: icasa.orange@gmail.com
16:21:50.589 5812 [[iPOJO] pool-1-thread-1] INFO  o.w.t.t.ThymeleafTemplateCollector - Thymeleaf configuration: mode=HTML5, ttl=1
16:21:50.749 5972 [[iPOJO] pool-1-thread-1] INFO  o.w.t.t.tracker.TemplateTracker - Starting Thymeleaf template tracker
16:21:50.782 6005 [[iPOJO] pool-1-thread-1] INFO  org.wisdom.router.RequestRouter - Adding routes from fr.liglab.adele.icasa.context.extensions.remote.impl.ContextApplicationsController@2865b14e
16:21:50.830 6053 [[iPOJO] pool-1-thread-1] INFO  org.wisdom.router.RequestRouter - Adding routes from fr.liglab.adele.icasa.context.extensions.remote.impl.ContextEntityFactoryController@4d39dca9
16:21:50.837 6060 [[iPOJO] pool-1-thread-1] INFO  org.wisdom.router.RequestRouter - Adding routes from fr.liglab.adele.icasa.context.extensions.remote.impl.ContextProviderController@7e14ca8c
16:21:50.841 6064 [[iPOJO] pool-1-thread-1] INFO  org.wisdom.router.RequestRouter - Adding routes from fr.liglab.adele.icasa.remote.wisdom.impl.ClockREST@20370164
16:21:50.850 6073 [[iPOJO] pool-1-thread-1] INFO  org.wisdom.router.RequestRouter - Adding routes from fr.liglab.adele.icasa.remote.wisdom.impl.DeviceREST@2b0acf79
16:21:50.853 6076 [[iPOJO] pool-1-thread-1] INFO  org.wisdom.router.RequestRouter - Adding routes from fr.liglab.adele.icasa.remote.wisdom.impl.iCasaREST@75c6e5fe
16:21:50.892 6115 [[iPOJO] pool-1-thread-1] INFO  org.wisdom.router.RequestRouter - Adding routes from fr.liglab.adele.icasa.context.extensions.remote.impl.ContextModelController@139a45c6
16:21:50.916 6139 [[iPOJO] pool-1-thread-1] INFO  o.w.t.t.ThymeleafTemplateCollector - Thymeleaf template added for bundle://20.0:0/templates/ContextMainPage.thl.html
16:21:50.984 6207 [[iPOJO] pool-1-thread-1] INFO  o.w.t.t.ThymeleafTemplateCollector - Thymeleaf template added for bundle://38.0:0/templates/assets/list.thl.html
16:21:51.008 6231 [[iPOJO] pool-1-thread-1] INFO  o.w.t.t.ThymeleafTemplateCollector - Thymeleaf template added for bundle://45.0:0/templates/monitor/bundles.thl.html
16:21:51.025 6248 [[iPOJO] pool-1-thread-1] INFO  o.w.t.t.ThymeleafTemplateCollector - Thymeleaf template added for bundle://45.0:0/templates/monitor/controllers.thl.html
16:21:51.043 6266 [[iPOJO] pool-1-thread-1] INFO  o.w.t.t.ThymeleafTemplateCollector - Thymeleaf template added for bundle://45.0:0/templates/monitor/dashboard.thl.html
16:21:51.059 6282 [[iPOJO] pool-1-thread-1] INFO  o.w.t.t.ThymeleafTemplateCollector - Thymeleaf template added for bundle://45.0:0/templates/monitor/executors.thl.html
16:21:51.076 6299 [[iPOJO] pool-1-thread-1] INFO  o.w.t.t.ThymeleafTemplateCollector - Thymeleaf template added for bundle://45.0:0/templates/monitor/ipojo.thl.html
16:21:51.094 6317 [[iPOJO] pool-1-thread-1] INFO  o.w.t.t.ThymeleafTemplateCollector - Thymeleaf template added for bundle://45.0:0/templates/monitor/layout.thl.html
16:21:51.111 6334 [[iPOJO] pool-1-thread-1] INFO  o.w.t.t.ThymeleafTemplateCollector - Thymeleaf template added for bundle://45.0:0/templates/monitor/loggers.thl.html
16:21:51.128 6351 [[iPOJO] pool-1-thread-1] INFO  o.w.t.t.ThymeleafTemplateCollector - Thymeleaf template added for bundle://45.0:0/templates/monitor/login.thl.html
16:21:51.143 6366 [[iPOJO] pool-1-thread-1] INFO  o.w.t.t.ThymeleafTemplateCollector - Thymeleaf template added for bundle://45.0:0/templates/monitor/routes.thl.html
16:21:51.160 6383 [[iPOJO] pool-1-thread-1] INFO  o.w.t.t.ThymeleafTemplateCollector - Thymeleaf template added for bundle://45.0:0/templates/monitor/services.thl.html
16:21:51.176 6399 [[iPOJO] pool-1-thread-1] INFO  o.w.t.t.ThymeleafTemplateCollector - Thymeleaf template added for bundle://45.0:0/templates/monitor/terminal.thl.html
16:21:51.194 6417 [[iPOJO] pool-1-thread-1] INFO  o.w.t.t.ThymeleafTemplateCollector - Thymeleaf template added for bundle://45.0:0/templates/monitor/tiles.thl.html
16:21:51.312 6535 [[iPOJO] pool-1-thread-1] INFO  o.w.t.t.tracker.TemplateDeployer - Starting thymeleaf template deployer
16:21:51.313 6536 [[iPOJO] pool-1-thread-1] INFO  o.w.t.t.tracker.TemplateDeployer - Creating the template directory : /home/aygalinc/IntelliJWorkspace/Stagiaire/iCasa/iCasaWorkspace/energy-sensor-project/energy-sensor-distribution/target/energy.sensor.distribution/templates
16:21:51.313 6536 [[iPOJO] pool-1-thread-1] INFO  o.w.t.t.tracker.TemplateDeployer - Template directory set to /home/aygalinc/IntelliJWorkspace/Stagiaire/iCasa/iCasaWorkspace/energy-sensor-project/energy-sensor-distribution/target/energy.sensor.distribution/templates
16:21:51.314 6537 [[iPOJO] pool-1-thread-1] DEBUG o.o.c.c.activators.DirectoryMonitor - Creating file alteration monitor for /home/aygalinc/IntelliJWorkspace/Stagiaire/iCasa/iCasaWorkspace/energy-sensor-project/energy-sensor-distribution/target/energy.sensor.distribution/templates with a polling period of 2000
16:21:51.314 6537 [[iPOJO] pool-1-thread-1] INFO  o.o.c.c.activators.DirectoryMonitor - Opening deployer org.ow2.chameleon.core.activators.BundleDeployer@1623b78d for directory /home/aygalinc/IntelliJWorkspace/Stagiaire/iCasa/iCasaWorkspace/energy-sensor-project/energy-sensor-distribution/target/energy.sensor.distribution/templates.
16:21:51.315 6538 [[iPOJO] pool-1-thread-1] INFO  o.o.c.c.activators.DirectoryMonitor - Opening deployer org.ow2.chameleon.core.activators.ConfigDeployer@4c6daf0 for directory /home/aygalinc/IntelliJWorkspace/Stagiaire/iCasa/iCasaWorkspace/energy-sensor-project/energy-sensor-distribution/target/energy.sensor.distribution/templates.
16:21:51.315 6538 [[iPOJO] pool-1-thread-1] INFO  o.o.c.c.activators.DirectoryMonitor - Opening deployer org.wisdom.configuration.ApplicationConfigurationImpl$ConfigurationDeployer@42dfba17 for directory /home/aygalinc/IntelliJWorkspace/Stagiaire/iCasa/iCasaWorkspace/energy-sensor-project/energy-sensor-distribution/target/energy.sensor.distribution/templates.
16:21:51.334 6557 [[iPOJO] pool-1-thread-1] INFO  o.o.c.c.activators.DirectoryMonitor - Opening deployer org.wisdom.template.thymeleaf.tracker.TemplateDeployer@183b4bed for directory /home/aygalinc/IntelliJWorkspace/Stagiaire/iCasa/iCasaWorkspace/energy-sensor-project/energy-sensor-distribution/target/energy.sensor.distribution/runtime.
16:21:51.334 6557 [[iPOJO] pool-1-thread-1] INFO  o.o.c.c.activators.DirectoryMonitor - Opening deployer org.wisdom.template.thymeleaf.tracker.TemplateDeployer@183b4bed for directory /home/aygalinc/IntelliJWorkspace/Stagiaire/iCasa/iCasaWorkspace/energy-sensor-project/energy-sensor-distribution/target/energy.sensor.distribution/applications.
16:21:51.336 6559 [[iPOJO] pool-1-thread-1] INFO  o.o.c.c.activators.DirectoryMonitor - Opening deployer org.wisdom.template.thymeleaf.tracker.TemplateDeployer@183b4bed for directory /home/aygalinc/IntelliJWorkspace/Stagiaire/iCasa/iCasaWorkspace/energy-sensor-project/energy-sensor-distribution/target/energy.sensor.distribution/conf.
16:21:51.336 6559 [[iPOJO] pool-1-thread-1] INFO  o.o.c.c.activators.DirectoryMonitor - Opening deployer org.wisdom.template.thymeleaf.tracker.TemplateDeployer@183b4bed for directory /home/aygalinc/IntelliJWorkspace/Stagiaire/iCasa/iCasaWorkspace/energy-sensor-project/energy-sensor-distribution/target/energy.sensor.distribution/templates.
16:21:51.433 6656 [[iPOJO] pool-1-thread-1] INFO  f.l.a.i.c.handler.CommandHandler - New command :repair registered
16:21:51.433 6656 [[iPOJO] pool-1-thread-1] INFO  f.l.a.i.c.handler.CommandHandler - New command :enable registered
16:21:51.433 6656 [[iPOJO] pool-1-thread-1] INFO  f.l.a.i.c.handler.CommandHandler - New command :resolved registered
16:21:51.434 6657 [[iPOJO] pool-1-thread-1] INFO  f.l.a.i.c.handler.CommandHandler - New command :status registered
16:21:51.485 6708 [[iPOJO] pool-1-thread-1] INFO  org.wisdom.router.RequestRouter - Adding routes from org.wisdom.resources.AssetsSingleton@1a5eb992
16:21:51.545 6768 [[iPOJO] pool-1-thread-1] INFO  org.wisdom.router.RequestRouter - Adding routes from org.wisdom.resources.AssetController@6ba60cda
16:21:51.628 6851 [[iPOJO] pool-1-thread-1] INFO  o.o.c.c.activators.DirectoryMonitor - Opening deployer org.wisdom.resources.WebJarDeployer@7c431a63 for directory /home/aygalinc/IntelliJWorkspace/Stagiaire/iCasa/iCasaWorkspace/energy-sensor-project/energy-sensor-distribution/target/energy.sensor.distribution/runtime.
16:21:51.642 6865 [[iPOJO] pool-1-thread-1] INFO  org.wisdom.resources.WebJarDeployer - Web Library found in jquery-2.1.1.jar : jquery-2.1.1
16:21:51.664 6887 [[iPOJO] pool-1-thread-1] INFO  org.wisdom.resources.WebJarDeployer - jquery unpacked to /home/aygalinc/IntelliJWorkspace/Stagiaire/iCasa/iCasaWorkspace/energy-sensor-project/energy-sensor-distribution/target/energy.sensor.distribution/chameleon-cache/bundle38/data/webjars/jquery-2.1.1/jquery/2.1.1
16:21:51.667 6890 [[iPOJO] pool-1-thread-1] INFO  org.wisdom.resources.WebJarDeployer - Web Library found in handlebars-2.0.0-1.jar : handlebars-2.0.0-1
16:21:51.674 6897 [[iPOJO] pool-1-thread-1] INFO  org.wisdom.resources.WebJarDeployer - handlebars unpacked to /home/aygalinc/IntelliJWorkspace/Stagiaire/iCasa/iCasaWorkspace/energy-sensor-project/energy-sensor-distribution/target/energy.sensor.distribution/chameleon-cache/bundle38/data/webjars/handlebars-2.0.0-1/handlebars/2.0.0-1
16:21:51.679 6902 [[iPOJO] pool-1-thread-1] INFO  org.wisdom.resources.WebJarDeployer - Web Library found in tablesorter-2.17.8.jar : tablesorter-2.17.8
16:21:51.708 6931 [[iPOJO] pool-1-thread-1] INFO  org.wisdom.resources.WebJarDeployer - tablesorter unpacked to /home/aygalinc/IntelliJWorkspace/Stagiaire/iCasa/iCasaWorkspace/energy-sensor-project/energy-sensor-distribution/target/energy.sensor.distribution/chameleon-cache/bundle38/data/webjars/tablesorter-2.17.8/tablesorter/2.17.8
16:21:51.717 6940 [[iPOJO] pool-1-thread-1] INFO  org.wisdom.resources.WebJarDeployer - Web Library found in bootstrap-3.3.1.jar : bootstrap-3.3.1
16:21:51.752 6975 [[iPOJO] pool-1-thread-1] INFO  org.wisdom.resources.WebJarDeployer - bootstrap unpacked to /home/aygalinc/IntelliJWorkspace/Stagiaire/iCasa/iCasaWorkspace/energy-sensor-project/energy-sensor-distribution/target/energy.sensor.distribution/chameleon-cache/bundle38/data/webjars/bootstrap-3.3.1/bootstrap/3.3.1
16:21:51.759 6982 [[iPOJO] pool-1-thread-1] INFO  org.wisdom.resources.WebJarDeployer - Web Library found in jquery-mousewheel-3.1.11.jar : jquery-mousewheel-3.1.11
16:21:51.761 6984 [[iPOJO] pool-1-thread-1] INFO  org.wisdom.resources.WebJarDeployer - jquery-mousewheel unpacked to /home/aygalinc/IntelliJWorkspace/Stagiaire/iCasa/iCasaWorkspace/energy-sensor-project/energy-sensor-distribution/target/energy.sensor.distribution/chameleon-cache/bundle38/data/webjars/jquery-mousewheel-3.1.11/jquery-mousewheel/3.1.11
16:21:51.764 6987 [[iPOJO] pool-1-thread-1] INFO  org.wisdom.resources.WebJarDeployer - Web Library found in momentjs-2.8.3.jar : momentjs-2.8.3
16:21:51.776 6999 [[iPOJO] pool-1-thread-1] INFO  org.wisdom.resources.WebJarDeployer - momentjs unpacked to /home/aygalinc/IntelliJWorkspace/Stagiaire/iCasa/iCasaWorkspace/energy-sensor-project/energy-sensor-distribution/target/energy.sensor.distribution/chameleon-cache/bundle38/data/webjars/momentjs-2.8.3/momentjs/2.8.3
16:21:51.781 7004 [[iPOJO] pool-1-thread-1] INFO  o.o.c.c.activators.DirectoryMonitor - Opening deployer org.wisdom.resources.WebJarDeployer@7c431a63 for directory /home/aygalinc/IntelliJWorkspace/Stagiaire/iCasa/iCasaWorkspace/energy-sensor-project/energy-sensor-distribution/target/energy.sensor.distribution/applications.
16:21:51.789 7012 [[iPOJO] pool-1-thread-1] INFO  o.o.c.c.activators.DirectoryMonitor - Opening deployer org.wisdom.resources.WebJarDeployer@7c431a63 for directory /home/aygalinc/IntelliJWorkspace/Stagiaire/iCasa/iCasaWorkspace/energy-sensor-project/energy-sensor-distribution/target/energy.sensor.distribution/conf.
16:21:51.790 7013 [[iPOJO] pool-1-thread-1] INFO  o.o.c.c.activators.DirectoryMonitor - Opening deployer org.wisdom.resources.WebJarDeployer@7c431a63 for directory /home/aygalinc/IntelliJWorkspace/Stagiaire/iCasa/iCasaWorkspace/energy-sensor-project/energy-sensor-distribution/target/energy.sensor.distribution/templates.
16:21:51.811 7034 [[iPOJO] pool-1-thread-1] INFO  org.wisdom.router.RequestRouter - Adding routes from org.wisdom.resources.WebJarController@29ea12fc
16:21:51.932 7155 [[iPOJO] pool-1-thread-1] DEBUG o.o.c.c.activators.DirectoryMonitor - Creating file alteration monitor for /home/aygalinc/IntelliJWorkspace/Stagiaire/iCasa/iCasaWorkspace/energy-sensor-project/energy-sensor-distribution/target/energy.sensor.distribution/scripts with a polling period of 2000
16:21:51.933 7156 [[iPOJO] pool-1-thread-1] INFO  o.o.c.c.activators.DirectoryMonitor - Opening deployer org.ow2.chameleon.core.activators.BundleDeployer@1623b78d for directory /home/aygalinc/IntelliJWorkspace/Stagiaire/iCasa/iCasaWorkspace/energy-sensor-project/energy-sensor-distribution/target/energy.sensor.distribution/scripts.
16:21:51.933 7156 [[iPOJO] pool-1-thread-1] INFO  o.o.c.c.activators.DirectoryMonitor - Opening deployer org.ow2.chameleon.core.activators.ConfigDeployer@4c6daf0 for directory /home/aygalinc/IntelliJWorkspace/Stagiaire/iCasa/iCasaWorkspace/energy-sensor-project/energy-sensor-distribution/target/energy.sensor.distribution/scripts.
16:21:51.934 7157 [[iPOJO] pool-1-thread-1] INFO  o.o.c.c.activators.DirectoryMonitor - Opening deployer org.wisdom.configuration.ApplicationConfigurationImpl$ConfigurationDeployer@42dfba17 for directory /home/aygalinc/IntelliJWorkspace/Stagiaire/iCasa/iCasaWorkspace/energy-sensor-project/energy-sensor-distribution/target/energy.sensor.distribution/scripts.
16:21:51.934 7157 [[iPOJO] pool-1-thread-1] INFO  o.o.c.c.activators.DirectoryMonitor - Opening deployer org.wisdom.template.thymeleaf.tracker.TemplateDeployer@183b4bed for directory /home/aygalinc/IntelliJWorkspace/Stagiaire/iCasa/iCasaWorkspace/energy-sensor-project/energy-sensor-distribution/target/energy.sensor.distribution/scripts.
16:21:51.934 7157 [[iPOJO] pool-1-thread-1] INFO  o.o.c.c.activators.DirectoryMonitor - Opening deployer org.wisdom.resources.WebJarDeployer@7c431a63 for directory /home/aygalinc/IntelliJWorkspace/Stagiaire/iCasa/iCasaWorkspace/energy-sensor-project/energy-sensor-distribution/target/energy.sensor.distribution/scripts.
16:21:51.973 7196 [[iPOJO] pool-1-thread-1] INFO  o.w.c.jackson.JacksonSingleton - Adding JSON module ManagedExecutorService Module
16:21:51.992 7215 [[iPOJO] pool-1-thread-1] INFO  o.w.c.jackson.JacksonSingleton - Adding JSON module org.wisdom.monitor.service.MonitorExtension
16:21:52.008 7231 [[iPOJO] pool-1-thread-1] INFO  org.wisdom.router.RequestRouter - Adding routes from org.wisdom.monitor.MonitorCenter@23e18e48
16:21:52.031 7254 [[iPOJO] pool-1-thread-1] INFO  org.wisdom.router.RequestRouter - Adding routes from org.wisdom.monitor.extensions.ipojo.IPOJOController@42d9353
16:21:52.073 7296 [[iPOJO] pool-1-thread-1] INFO  org.wisdom.router.RequestRouter - Adding routes from org.wisdom.monitor.extensions.logger.LoggerExtension@7662ebe
16:21:52.113 7336 [[iPOJO] pool-1-thread-1] INFO  org.wisdom.router.RequestRouter - Adding routes from org.wisdom.monitor.extensions.osgi.BundleMonitorExtension@66f3818b
16:21:52.151 7374 [[iPOJO] pool-1-thread-1] INFO  org.wisdom.router.RequestRouter - Adding routes from org.wisdom.monitor.extensions.osgi.ServiceMonitorExtension@119f0c98
16:21:52.241 7464 [[iPOJO] pool-1-thread-1] INFO  org.wisdom.router.RequestRouter - Adding routes from org.wisdom.monitor.extensions.wisdom.ControllerExtension@1675696b
16:21:52.287 7510 [[iPOJO] pool-1-thread-1] INFO  org.wisdom.router.RequestRouter - Adding routes from org.wisdom.monitor.extensions.wisdom.RouterExtension@46aaa44c
16:21:52.373 7596 [[iPOJO] pool-1-thread-1] INFO  org.wisdom.router.RequestRouter - Adding routes from fr.liglab.adele.icasa.frontend.services.rest.MapRemoteServiceImpl@5e773602
16:21:52.406 7629 [[iPOJO] pool-1-thread-1] INFO  org.wisdom.router.RequestRouter - Adding routes from fr.liglab.adele.dashboard.servlet.SimulatorMainPage@2fb07cca
16:21:52.430 7653 [[iPOJO] pool-1-thread-1] INFO  org.wisdom.router.RequestRouter - Adding routes from fr.liglab.adele.dashboard.servlet.SimulatorMap@2b702038
16:21:53.087 8310 [[iPOJO] pool-1-thread-1] INFO  o.o.u.log.impl.osgi.LoggerService - RoSe.configurator is starting
16:21:53.099 8322 [[iPOJO] pool-1-thread-1] INFO  o.o.c.c.activators.DirectoryMonitor - Opening deployer org.ow2.chameleon.rose.configurator.Configurator@686aecc2 for directory /home/aygalinc/IntelliJWorkspace/Stagiaire/iCasa/iCasaWorkspace/energy-sensor-project/energy-sensor-distribution/target/energy.sensor.distribution/runtime.
16:21:53.100 8323 [[iPOJO] pool-1-thread-1] INFO  o.o.u.log.impl.osgi.LoggerService - Start to load configuration file: rose-conf-simulator_REST_0.json
16:21:53.180 8403 [[iPOJO] pool-1-thread-1] INFO  o.o.u.log.impl.osgi.LoggerService - The RoseMachine server1 has successfully started
16:21:53.181 8404 [[iPOJO] pool-1-thread-1] INFO  o.o.u.log.impl.osgi.LoggerService - Machine: server1 OutConnection is open: 0 services are exported.
16:21:53.183 8406 [[iPOJO] pool-1-thread-1] INFO  o.o.u.log.impl.osgi.LoggerService - Configuration rose-conf-simulator_REST_0.json successfully handled
16:21:53.183 8406 [[iPOJO] pool-1-thread-1] INFO  o.o.c.c.activators.DirectoryMonitor - Opening deployer org.ow2.chameleon.rose.configurator.Configurator@686aecc2 for directory /home/aygalinc/IntelliJWorkspace/Stagiaire/iCasa/iCasaWorkspace/energy-sensor-project/energy-sensor-distribution/target/energy.sensor.distribution/applications.
16:21:53.184 8407 [[iPOJO] pool-1-thread-1] INFO  o.o.c.c.activators.DirectoryMonitor - Opening deployer org.ow2.chameleon.rose.configurator.Configurator@686aecc2 for directory /home/aygalinc/IntelliJWorkspace/Stagiaire/iCasa/iCasaWorkspace/energy-sensor-project/energy-sensor-distribution/target/energy.sensor.distribution/conf.
16:21:53.184 8407 [[iPOJO] pool-1-thread-1] INFO  o.o.c.c.activators.DirectoryMonitor - Opening deployer org.ow2.chameleon.rose.configurator.Configurator@686aecc2 for directory /home/aygalinc/IntelliJWorkspace/Stagiaire/iCasa/iCasaWorkspace/energy-sensor-project/energy-sensor-distribution/target/energy.sensor.distribution/templates.
16:21:53.184 8407 [[iPOJO] pool-1-thread-1] INFO  o.o.c.c.activators.DirectoryMonitor - Opening deployer org.ow2.chameleon.rose.configurator.Configurator@686aecc2 for directory /home/aygalinc/IntelliJWorkspace/Stagiaire/iCasa/iCasaWorkspace/energy-sensor-project/energy-sensor-distribution/target/energy.sensor.distribution/scripts.
16:21:54.107 9330 [[iPOJO] pool-1-thread-1] INFO  org.wisdom.router.RequestRouter - Adding routes from fr.liglab.adele.icasa.remote.wisdom.impl.ZoneREST@59f11343
16:21:54.528 9751 [[iPOJO] pool-1-thread-1] INFO  org.wisdom.router.RequestRouter - Adding routes from fr.liglab.adele.icasa.access.impl.AccessManagerRemote@4fde078d
16:21:55.068 10291 [[iPOJO] pool-1-thread-1] INFO  org.wisdom.router.RequestRouter - Adding routes from fr.liglab.adele.icasa.simulator.remote.wisdom.impl.PersonREST@1760ee3
16:21:55.101 10324 [[iPOJO] pool-1-thread-1] INFO  org.wisdom.router.RequestRouter - Adding routes from fr.liglab.adele.icasa.simulator.remote.wisdom.impl.RemoteShell@3c420373
16:21:55.123 10346 [[iPOJO] pool-1-thread-1] INFO  org.wisdom.router.RequestRouter - Adding routes from fr.liglab.adele.icasa.simulator.remote.wisdom.impl.SimulatedDeviceREST@3f4e3d76
16:21:55.152 10375 [[iPOJO] pool-1-thread-1] INFO  org.wisdom.router.RequestRouter - Adding routes from fr.liglab.adele.icasa.simulator.remote.wisdom.impl.SimulationREST@12b1fac6
16:21:55.180 10403 [[iPOJO] pool-1-thread-1] INFO  org.wisdom.executors.Creator - Creating executor wisdom-system-executor
16:21:55.205 10428 [[iPOJO] pool-1-thread-1] INFO  o.w.f.vertx.WisdomVertxServer - Starting the vert.x server
16:21:55.302 10525 [vert.x-eventloop-thread-0] INFO  o.w.f.vertx.WisdomVertxServer - Wisdom is going to serve HTTP requests on port 9000.
16:21:55.380 10603 [[iPOJO] pool-1-thread-1] INFO  org.wisdom.router.RequestRouter - Adding routes from org.wisdom.monitor.extensions.terminal.WisitShellController@7cdade64
16:21:55.399 10622 [[iPOJO] pool-1-thread-1] INFO  org.wisdom.executors.Creator - Creating scheduler wisdom-system-scheduler
16:21:55.415 10638 [[iPOJO] pool-1-thread-1] INFO  o.w.m.e.d.DashboardExtension - Registering JVM metrics
16:21:55.445 10668 [[iPOJO] pool-1-thread-1] INFO  o.w.m.e.d.DashboardExtension - Registering HTTP metrics
16:21:55.468 10691 [[iPOJO] pool-1-thread-1] INFO  o.w.m.e.d.DashboardExtension - Initializing Metrics JMX reporting
16:21:55.481 10704 [[iPOJO] pool-1-thread-1] INFO  o.w.m.e.d.DashboardExtension - Registering the metric registry as service
16:21:55.539 10762 [[iPOJO] pool-1-thread-1] INFO  org.wisdom.router.RequestRouter - Adding routes from org.wisdom.monitor.extensions.dashboard.DashboardExtension@155a0879
16:21:55.593 10816 [[iPOJO] pool-1-thread-1] INFO  org.wisdom.router.RequestRouter - Adding routes from org.wisdom.monitor.extensions.executors.ExecutorExtension@389bf662
16:21:55.879 11102 [[iPOJO] pool-1-thread-1] INFO  org.wisdom.router.RequestRouter - Adding routes from fr.liglab.adele.icasa.simulator.remote.wisdom.impl.ScriptPlayerREST@4cb75414
16:21:55.909 11132 [[iPOJO] pool-1-thread-1] INFO  o.o.c.c.activators.DirectoryMonitor - Opening deployer fr.liglab.adele.icasa.simulator.script.executor.impl.ScriptExecutorImpl@6f266da5 for directory /home/aygalinc/IntelliJWorkspace/Stagiaire/iCasa/iCasaWorkspace/energy-sensor-project/energy-sensor-distribution/target/energy.sensor.distribution/runtime.
16:21:55.909 11132 [[iPOJO] pool-1-thread-1] INFO  o.o.c.c.activators.DirectoryMonitor - Opening deployer fr.liglab.adele.icasa.simulator.script.executor.impl.ScriptExecutorImpl@6f266da5 for directory /home/aygalinc/IntelliJWorkspace/Stagiaire/iCasa/iCasaWorkspace/energy-sensor-project/energy-sensor-distribution/target/energy.sensor.distribution/applications.
16:21:55.909 11132 [[iPOJO] pool-1-thread-1] INFO  o.o.c.c.activators.DirectoryMonitor - Opening deployer fr.liglab.adele.icasa.simulator.script.executor.impl.ScriptExecutorImpl@6f266da5 for directory /home/aygalinc/IntelliJWorkspace/Stagiaire/iCasa/iCasaWorkspace/energy-sensor-project/energy-sensor-distribution/target/energy.sensor.distribution/conf.
16:21:55.910 11133 [[iPOJO] pool-1-thread-1] INFO  o.o.c.c.activators.DirectoryMonitor - Opening deployer fr.liglab.adele.icasa.simulator.script.executor.impl.ScriptExecutorImpl@6f266da5 for directory /home/aygalinc/IntelliJWorkspace/Stagiaire/iCasa/iCasaWorkspace/energy-sensor-project/energy-sensor-distribution/target/energy.sensor.distribution/templates.
16:21:55.910 11133 [[iPOJO] pool-1-thread-1] INFO  o.o.c.c.activators.DirectoryMonitor - Opening deployer fr.liglab.adele.icasa.simulator.script.executor.impl.ScriptExecutorImpl@6f266da5 for directory /home/aygalinc/IntelliJWorkspace/Stagiaire/iCasa/iCasaWorkspace/energy-sensor-project/energy-sensor-distribution/target/energy.sensor.distribution/scripts.
16:21:55.959 11182 [[iPOJO] pool-1-thread-1] INFO  org.wisdom.router.RequestRouter - Adding routes from fr.liglab.adele.icasa.remote.wisdom.impl.EventBroadcast@232d955f
16:21:56.038 11261 [[iPOJO] pool-1-thread-1] INFO  org.wisdom.router.RequestRouter - Adding routes from fr.liglab.adele.icasa.application.remote.ApplicationREST@34c4a198
16:21:56.113 11336 [[iPOJO] pool-1-thread-1] INFO  o.o.c.c.activators.DirectoryMonitor - Opening deployer fr.liglab.adele.common.dp.chameleon.DPFileInstaller@6930285f for directory /home/aygalinc/IntelliJWorkspace/Stagiaire/iCasa/iCasaWorkspace/energy-sensor-project/energy-sensor-distribution/target/energy.sensor.distribution/runtime.
16:21:56.114 11337 [[iPOJO] pool-1-thread-1] INFO  o.o.c.c.activators.DirectoryMonitor - Opening deployer fr.liglab.adele.common.dp.chameleon.DPFileInstaller@6930285f for directory /home/aygalinc/IntelliJWorkspace/Stagiaire/iCasa/iCasaWorkspace/energy-sensor-project/energy-sensor-distribution/target/energy.sensor.distribution/applications.
16:21:56.114 11337 [[iPOJO] pool-1-thread-1] INFO  o.o.c.c.activators.DirectoryMonitor - Opening deployer fr.liglab.adele.common.dp.chameleon.DPFileInstaller@6930285f for directory /home/aygalinc/IntelliJWorkspace/Stagiaire/iCasa/iCasaWorkspace/energy-sensor-project/energy-sensor-distribution/target/energy.sensor.distribution/conf.
16:21:56.114 11337 [[iPOJO] pool-1-thread-1] INFO  o.o.c.c.activators.DirectoryMonitor - Opening deployer fr.liglab.adele.common.dp.chameleon.DPFileInstaller@6930285f for directory /home/aygalinc/IntelliJWorkspace/Stagiaire/iCasa/iCasaWorkspace/energy-sensor-project/energy-sensor-distribution/target/energy.sensor.distribution/templates.
16:21:56.114 11337 [[iPOJO] pool-1-thread-1] INFO  o.o.c.c.activators.DirectoryMonitor - Opening deployer fr.liglab.adele.common.dp.chameleon.DPFileInstaller@6930285f for directory /home/aygalinc/IntelliJWorkspace/Stagiaire/iCasa/iCasaWorkspace/energy-sensor-project/energy-sensor-distribution/target/energy.sensor.distribution/scripts.
16:23:35.646 110869 [FelixStartLevel] INFO  org.wisdom.router.RequestRouter - Removing routes from fr.liglab.adele.icasa.application.remote.ApplicationREST@34c4a198
16:23:35.759 110982 [FelixStartLevel] WARN  o.o.u.log.impl.osgi.LoggerService - [WARNING]  : [fr.liglab.adele.icasa.service.scheduler.impl.SchedulerTechnicalService-0] The dependency is not optional, however no service object can be injected in clock -> fr.liglab.adele.icasa.clockservice.Clock
16:23:35.830 111053 [FelixStartLevel] INFO  org.wisdom.router.RequestRouter - Removing routes from fr.liglab.adele.icasa.simulator.remote.wisdom.impl.ScriptPlayerREST@4cb75414
16:23:35.860 111083 [FelixStartLevel] INFO  org.wisdom.router.RequestRouter - Removing routes from fr.liglab.adele.icasa.remote.wisdom.impl.EventBroadcast@232d955f
16:23:35.867 111090 [FelixStartLevel] WARN  o.o.u.log.impl.osgi.LoggerService - [WARNING]  : [fr.liglab.adele.icasa.remote.wisdom.impl.EventBroadcast-0] The dependency is not optional, however no service object can be injected in _clock -> fr.liglab.adele.icasa.clockservice.Clock
16:23:35.959 111182 [FelixStartLevel] INFO  org.wisdom.router.RequestRouter - Removing routes from org.wisdom.monitor.extensions.dashboard.DashboardExtension@155a0879
16:23:35.993 111216 [FelixStartLevel] INFO  org.wisdom.router.RequestRouter - Removing routes from org.wisdom.monitor.extensions.executors.ExecutorExtension@389bf662
16:23:36.056 111279 [FelixStartLevel] INFO  org.wisdom.router.RequestRouter - Removing routes from org.wisdom.monitor.extensions.terminal.WisitShellController@7cdade64
16:23:36.070 111293 [FelixStartLevel] INFO  o.w.f.vertx.WisdomVertxServer - Stopping the vert.x server
16:23:36.081 111304 [vert.x-eventloop-thread-0] INFO  o.w.f.vertx.WisdomVertxServer - The HTTP server has been stopped
16:23:36.237 111460 [FelixStartLevel] INFO  org.wisdom.router.RequestRouter - Removing routes from fr.liglab.adele.icasa.simulator.remote.wisdom.impl.PersonREST@1760ee3
16:23:36.253 111476 [FelixStartLevel] INFO  org.wisdom.router.RequestRouter - Removing routes from fr.liglab.adele.icasa.simulator.remote.wisdom.impl.RemoteShell@3c420373
16:23:36.273 111496 [FelixStartLevel] INFO  org.wisdom.router.RequestRouter - Removing routes from fr.liglab.adele.icasa.simulator.remote.wisdom.impl.SimulatedDeviceREST@3f4e3d76
16:23:36.298 111521 [FelixStartLevel] INFO  org.wisdom.router.RequestRouter - Removing routes from fr.liglab.adele.icasa.simulator.remote.wisdom.impl.SimulationREST@12b1fac6
16:23:36.402 111625 [FelixStartLevel] INFO  org.wisdom.router.RequestRouter - Removing routes from fr.liglab.adele.dashboard.servlet.SimulatorMainPage@2fb07cca
16:23:36.418 111641 [FelixStartLevel] INFO  org.wisdom.router.RequestRouter - Removing routes from fr.liglab.adele.dashboard.servlet.SimulatorMap@2b702038
16:23:36.446 111669 [FelixStartLevel] INFO  o.o.u.log.impl.osgi.LoggerService - The RoseMachine server1 has been stoped
16:23:36.544 111767 [FelixStartLevel] WARN  o.o.u.log.impl.osgi.LoggerService - [WARNING]  : [iCasaPreferences-0] The dependency is not optional, however no service object can be injected in preferenceService -> org.ow2.chameleon.sharedprefs.SharedPreferencesService
16:23:36.600 111823 [FelixStartLevel] INFO  org.wisdom.router.RequestRouter - Removing routes from fr.liglab.adele.icasa.access.impl.AccessManagerRemote@4fde078d
16:23:36.833 112056 [FelixStartLevel] INFO  org.wisdom.router.RequestRouter - Removing routes from fr.liglab.adele.icasa.remote.wisdom.impl.ZoneREST@59f11343
16:23:37.109 112332 [FelixStartLevel] INFO  o.o.u.log.impl.osgi.LoggerService - RoSe.configurator is stopping
16:23:37.352 112575 [FelixStartLevel] INFO  org.wisdom.router.RequestRouter - Removing routes from fr.liglab.adele.icasa.frontend.services.rest.MapRemoteServiceImpl@5e773602
16:23:37.392 112615 [FelixStartLevel] INFO  o.w.t.t.tracker.TemplateTracker - Thymeleaf template deleted for bundle://45.0:0/templates/monitor/bundles.thl.html from org.wisdom.framework.wisdom.monitor
16:23:37.406 112629 [FelixStartLevel] INFO  org.wisdom.router.RequestRouter - Removing routes from org.wisdom.monitor.extensions.osgi.BundleMonitorExtension@66f3818b
16:23:37.426 112649 [FelixStartLevel] INFO  o.w.t.t.tracker.TemplateTracker - Thymeleaf template deleted for bundle://45.0:0/templates/monitor/controllers.thl.html from org.wisdom.framework.wisdom.monitor
16:23:37.438 112661 [FelixStartLevel] INFO  org.wisdom.router.RequestRouter - Removing routes from org.wisdom.monitor.extensions.wisdom.ControllerExtension@1675696b
16:23:37.441 112664 [FelixStartLevel] INFO  o.w.t.t.tracker.TemplateTracker - Thymeleaf template deleted for bundle://45.0:0/templates/monitor/dashboard.thl.html from org.wisdom.framework.wisdom.monitor
16:23:37.444 112667 [FelixStartLevel] INFO  o.w.t.t.tracker.TemplateTracker - Thymeleaf template deleted for bundle://45.0:0/templates/monitor/executors.thl.html from org.wisdom.framework.wisdom.monitor
16:23:37.447 112670 [FelixStartLevel] INFO  o.w.t.t.tracker.TemplateTracker - Thymeleaf template deleted for bundle://45.0:0/templates/monitor/ipojo.thl.html from org.wisdom.framework.wisdom.monitor
16:23:37.458 112681 [FelixStartLevel] INFO  org.wisdom.router.RequestRouter - Removing routes from org.wisdom.monitor.extensions.ipojo.IPOJOController@42d9353
16:23:37.461 112684 [FelixStartLevel] INFO  o.w.t.t.tracker.TemplateTracker - Thymeleaf template deleted for bundle://45.0:0/templates/monitor/layout.thl.html from org.wisdom.framework.wisdom.monitor
16:23:37.464 112687 [FelixStartLevel] INFO  o.w.t.t.tracker.TemplateTracker - Thymeleaf template deleted for bundle://45.0:0/templates/monitor/loggers.thl.html from org.wisdom.framework.wisdom.monitor
16:23:37.476 112699 [FelixStartLevel] INFO  org.wisdom.router.RequestRouter - Removing routes from org.wisdom.monitor.extensions.logger.LoggerExtension@7662ebe
16:23:37.478 112701 [FelixStartLevel] INFO  o.w.t.t.tracker.TemplateTracker - Thymeleaf template deleted for bundle://45.0:0/templates/monitor/login.thl.html from org.wisdom.framework.wisdom.monitor
16:23:37.488 112711 [FelixStartLevel] INFO  org.wisdom.router.RequestRouter - Removing routes from org.wisdom.monitor.MonitorCenter@23e18e48
16:23:37.490 112713 [FelixStartLevel] INFO  o.w.c.jackson.JacksonSingleton - Removing Jackson module org.wisdom.monitor.service.MonitorExtension
16:23:37.491 112714 [FelixStartLevel] INFO  o.w.t.t.tracker.TemplateTracker - Thymeleaf template deleted for bundle://45.0:0/templates/monitor/routes.thl.html from org.wisdom.framework.wisdom.monitor
16:23:37.503 112726 [FelixStartLevel] INFO  org.wisdom.router.RequestRouter - Removing routes from org.wisdom.monitor.extensions.wisdom.RouterExtension@46aaa44c
16:23:37.505 112728 [FelixStartLevel] INFO  o.w.t.t.tracker.TemplateTracker - Thymeleaf template deleted for bundle://45.0:0/templates/monitor/services.thl.html from org.wisdom.framework.wisdom.monitor
16:23:37.516 112739 [FelixStartLevel] INFO  org.wisdom.router.RequestRouter - Removing routes from org.wisdom.monitor.extensions.osgi.ServiceMonitorExtension@119f0c98
16:23:37.520 112743 [FelixStartLevel] INFO  o.w.t.t.tracker.TemplateTracker - Thymeleaf template deleted for bundle://45.0:0/templates/monitor/terminal.thl.html from org.wisdom.framework.wisdom.monitor
16:23:37.523 112746 [FelixStartLevel] INFO  o.w.t.t.tracker.TemplateTracker - Thymeleaf template deleted for bundle://45.0:0/templates/monitor/tiles.thl.html from org.wisdom.framework.wisdom.monitor
16:23:37.546 112769 [FelixStartLevel] INFO  o.w.c.jackson.JacksonSingleton - Removing Jackson module ManagedExecutorService Module
16:23:38.020 113243 [FelixStartLevel] INFO  org.wisdom.router.RequestRouter - Removing routes from org.wisdom.resources.AssetController@6ba60cda
16:23:38.027 113250 [FelixStartLevel] INFO  org.wisdom.router.RequestRouter - Removing routes from org.wisdom.resources.WebJarController@29ea12fc
16:23:38.055 113278 [FelixStartLevel] INFO  o.w.t.t.tracker.TemplateTracker - Thymeleaf template deleted for bundle://38.0:0/templates/assets/list.thl.html from org.wisdom-framework.resource-controller
16:23:38.066 113289 [FelixStartLevel] INFO  org.wisdom.router.RequestRouter - Removing routes from org.wisdom.resources.AssetsSingleton@1a5eb992
16:23:38.109 113332 [FelixStartLevel] INFO  f.l.a.i.c.handler.CommandHandler - Command :repair unregistered
16:23:38.109 113332 [FelixStartLevel] INFO  f.l.a.i.c.handler.CommandHandler - Command :enable unregistered
16:23:38.109 113332 [FelixStartLevel] INFO  f.l.a.i.c.handler.CommandHandler - Command :resolved unregistered
16:23:38.109 113332 [FelixStartLevel] INFO  f.l.a.i.c.handler.CommandHandler - Command :status unregistered
16:23:39.336 114559 [FelixStartLevel] INFO  o.w.t.t.tracker.TemplateTracker - Thymeleaf template deleted for bundle://20.0:0/templates/ContextMainPage.thl.html from fr.liglab.adele.icasa.context.extensions.remote
16:23:39.339 114562 [FelixStartLevel] WARN  o.o.u.log.impl.osgi.LoggerService - [WARNING]  : [org.wisdom.template.thymeleaf.tracker.TemplateTracker-0] The dependency is not optional, however no service object can be injected in engine -> org.wisdom.template.thymeleaf.ThymeleafTemplateCollector
16:23:39.353 114576 [FelixStartLevel] INFO  org.wisdom.router.RequestRouter - Removing routes from fr.liglab.adele.icasa.context.extensions.remote.impl.ContextModelController@139a45c6
16:23:40.553 115776 [FelixStartLevel] INFO  org.wisdom.router.RequestRouter - Removing routes from fr.liglab.adele.icasa.remote.wisdom.impl.ClockREST@20370164
16:23:40.563 115786 [FelixStartLevel] INFO  org.wisdom.router.RequestRouter - Removing routes from fr.liglab.adele.icasa.remote.wisdom.impl.DeviceREST@2b0acf79
16:23:40.585 115808 [FelixStartLevel] INFO  org.wisdom.router.RequestRouter - Removing routes from fr.liglab.adele.icasa.remote.wisdom.impl.iCasaREST@75c6e5fe
16:23:40.693 115916 [FelixStartLevel] INFO  org.wisdom.router.RequestRouter - Removing routes from fr.liglab.adele.icasa.context.extensions.remote.impl.ContextApplicationsController@2865b14e
16:23:40.699 115922 [FelixStartLevel] INFO  org.wisdom.router.RequestRouter - Removing routes from fr.liglab.adele.icasa.context.extensions.remote.impl.ContextEntityFactoryController@4d39dca9
16:23:40.704 115927 [FelixStartLevel] INFO  org.wisdom.router.RequestRouter - Removing routes from fr.liglab.adele.icasa.context.extensions.remote.impl.ContextProviderController@7e14ca8c
16:23:40.887 116110 [FelixStartLevel] WARN  o.o.c.core.utils.FrameworkManager - Shelbie system Service leaving - shutting down sequence detected
16:23:40.887 116110 [FelixStartLevel] INFO  org.ow2.chameleon - Stopping Chameleon
16:23:40.890 116113 [FelixStartLevel] DEBUG o.o.c.c.activators.DirectoryMonitor - Stopping file monitoring of /home/aygalinc/IntelliJWorkspace/Stagiaire/iCasa/iCasaWorkspace/energy-sensor-project/energy-sensor-distribution/target/energy.sensor.distribution/applications
16:23:41.607 116830 [FelixStartLevel] DEBUG o.o.c.c.activators.DirectoryMonitor - File monitoring stopped
16:23:42.616 117839 [FelixStartLevel] INFO  org.ow2.chameleon - Chameleon stopped
16:23:42.767 117990 [Thread-0] INFO  org.ow2.chameleon - Stopping Chameleon
16:23:42.775 117998 [Thread-0] INFO  org.ow2.chameleon - Chameleon stopped
